chown -R root alphapred
chown -R root antifp
chown -R root antimpmod
chown -R root apssp2
chown -R root ar_nhpred
chown -R root betatpred
chown -R root betatpred2
chown -R root betatpred3
chown -R root betaturns
chown -R root bhairpred
chown -R root ccpdb
chown -R root cellppdmod
chown -R root ecdb
chown -R root glycoep
chown -R root gpcrpred
chown -R root images
chown -R root indiabiodb
chown -R root layout
chown -R root lpicom
chown -R root neuropipred
chown -R root newsite
chown -R root oxdbase
chown -R root pages
chown -R root pepstr
chown -R root pepstrmod
chown -R root pldbench
chown -R root ppdbench
chown -R root proprint
chown -R root sambinder
chown -R root tumorhope
